<?xml version="1.0" encoding="UTF-8"?>
<!-- Generated by org.testng.reporters.JUnitXMLReporter -->
<testsuite ignored="0" hostname="LAPTOP-R4MPUL09" failures="0" tests="4" name="Test" time="66.071" errors="0" timestamp="2021-09-30T14:19:47 IST">
  <testcase classname="Testing.MAven2.Homepage1" name="TC001Login" time="17.035"/>
  <testcase classname="Testing.MAven2.Homepage1" name="TC001Login" time="15.324"/>
  <testcase classname="Testing.MAven2.Homepage1" name="TC001Login" time="13.93"/>
  <testcase classname="Testing.MAven2.Homepage1" name="TC001Login" time="11.937"/>
</testsuite> <!-- Test -->
