<?xml version="1.0" encoding="UTF-8"?>
<!-- Generated by org.testng.reporters.JUnitXMLReporter -->
<testsuite ignored="0" hostname="LAPTOP-R4MPUL09" failures="1" tests="4" name="Test" time="112.913" errors="0" timestamp="2021-09-29T15:45:58 IST">
  <testcase classname="Testing.MAven2.Homepage1" name="TC001Login" time="27.46"/>
  <testcase classname="Testing.MAven2.Homepage1" name="TC001Login" time="5.364"/>
  <testcase classname="Testing.MAven2.Homepage1" name="TC001Login" time="3.453"/>
  <testcase classname="Testing.MAven2.Homepage1" name="TC001Login" time="3.489">
    <failure type="java.lang.AssertionError" message="expected [true] but found [false]">
      <![CDATA[java.lang.AssertionError: expected [true] but found [false]
at Testing.MAven2.Homepage1.TC001Login(Homepage1.java:66)
at java.base/java.util.ArrayList.forEach(ArrayList.java:1541)
at java.base/java.util.concurrent.FutureTask.run(FutureTask.java:264)
at java.base/java.util.concurrent.ThreadPoolExecutor.runWorker(ThreadPoolExecutor.java:1128)
at java.base/java.util.concurrent.ThreadPoolExecutor$Worker.run(ThreadPoolExecutor.java:628)
at java.base/java.lang.Thread.run(Thread.java:834)
... Removed 22 stack frames]]>
    </failure>
  </testcase> <!-- TC001Login -->
</testsuite> <!-- Test -->
