<?xml version="1.0" encoding="UTF-8"?>
<testsuite xmlns:xsi="http://www.w3.org/2001/XMLSchema-instance" xsi:noNamespaceSchemaLocation="https://maven.apache.org/surefire/maven-surefire-plugin/xsd/surefire-test-report-3.0.xsd" version="3.0" name="TestSuite" time="114.545" tests="4" errors="0" skipped="0" failures="1">
  <properties>
[...]
</properties>
  <testcase name="TC001Login[Admin, admin123](1)" classname="Testing.MAven2.Homepage1" time="27.436">
    <system-out><![CDATA[OrangeHRM
https://opensource-demo.orangehrmlive.com/index.php/dashboard
]]></system-out>
    <system-err><![CDATA[Starting ChromeDriver 93.0.4577.15 (660fc11082ba57405eca2e8c49c3e1af756fbfae-refs/branch-heads/4577@{#203}) on port 43388
Only local connections are allowed.
Please see https://chromedriver.chromium.org/security-considerations for suggestions on keeping ChromeDriver safe.
ChromeDriver was started successfully.
[1632910448.627][WARNING]: This version of ChromeDriver has not been tested with Chrome version 94.
Sep 29, 2021 3:44:09 PM org.openqa.selenium.remote.ProtocolHandshake createSession
INFO: Detected dialect: W3C
]]></system-err>
  </testcase>
  <testcase name="TC001Login[nareshit, nareshit](2)" classname="Testing.MAven2.Homepage1" time="5.347">
    <system-out><![CDATA[OrangeHRM
https://opensource-demo.orangehrmlive.com/index.php/auth/validateCredentials
Invalid credentials
]]></system-out>
    <system-err><![CDATA[Starting ChromeDriver 93.0.4577.15 (660fc11082ba57405eca2e8c49c3e1af756fbfae-refs/branch-heads/4577@{#203}) on port 9309
Only local connections are allowed.
Please see https://chromedriver.chromium.org/security-considerations for suggestions on keeping ChromeDriver safe.
ChromeDriver was started successfully.
[1632910497.054][WARNING]: This version of ChromeDriver has not been tested with Chrome version 94.
Sep 29, 2021 3:44:58 PM org.openqa.selenium.remote.ProtocolHandshake createSession
INFO: Detected dialect: W3C
]]></system-err>
  </testcase>
  <testcase name="TC001Login[Admin, ](3)" classname="Testing.MAven2.Homepage1" time="3.44">
    <system-out><![CDATA[OrangeHRM
https://opensource-demo.orangehrmlive.com/index.php/auth/validateCredentials
Password cannot be empty
]]></system-out>
    <system-err><![CDATA[Starting ChromeDriver 93.0.4577.15 (660fc11082ba57405eca2e8c49c3e1af756fbfae-refs/branch-heads/4577@{#203}) on port 5918
Only local connections are allowed.
Please see https://chromedriver.chromium.org/security-considerations for suggestions on keeping ChromeDriver safe.
ChromeDriver was started successfully.
[1632910521.344][WARNING]: This version of ChromeDriver has not been tested with Chrome version 94.
Sep 29, 2021 3:45:22 PM org.openqa.selenium.remote.ProtocolHandshake createSession
INFO: Detected dialect: W3C
]]></system-err>
  </testcase>
  <testcase name="TC001Login[, nareshit](4)" classname="Testing.MAven2.Homepage1" time="3.488">
    <failure message="expected [true] but found [false]" type="java.lang.AssertionError"><![CDATA[java.lang.AssertionError: expected [true] but found [false]
	at Testing.MAven2.Homepage1.TC001Login(Homepage1.java:66)
]]></failure>
    <system-out><![CDATA[OrangeHRM
https://opensource-demo.orangehrmlive.com/index.php/auth/validateCredentials
Username cannot be empty
]]></system-out>
    <system-err><![CDATA[Starting ChromeDriver 93.0.4577.15 (660fc11082ba57405eca2e8c49c3e1af756fbfae-refs/branch-heads/4577@{#203}) on port 37055
Only local connections are allowed.
Please see https://chromedriver.chromium.org/security-considerations for suggestions on keeping ChromeDriver safe.
ChromeDriver was started successfully.
[1632910540.316][WARNING]: This version of ChromeDriver has not been tested with Chrome version 94.
Sep 29, 2021 3:45:41 PM org.openqa.selenium.remote.ProtocolHandshake createSession
INFO: Detected dialect: W3C
]]></system-err>
  </testcase>
</testsuite>