-------------------------------------------------------------------------------
Test set: TestSuite
-------------------------------------------------------------------------------
Tests run: 4, Failures: 1, Errors: 0, Skipped: 0, Time elapsed: 114.545 s <<< FAILURE! - in TestSuite
Testing.MAven2.Homepage1.TC001Login[, nareshit](4)  Time elapsed: 3.488 s  <<< FAILURE!
java.lang.AssertionError: expected [true] but found [false]
	at Testing.MAven2.Homepage1.TC001Login(Homepage1.java:66)

