<?xml version="1.0" encoding="UTF-8"?>
<testng-results ignored="0" total="1" passed="1" failed="0" skipped="0">
  <reporter-output>
  </reporter-output>
  <suite started-at="2021-09-30T16:22:01 IST" name="Default suite" finished-at="2021-09-30T16:22:47 IST" duration-ms="45812">
    <groups>
    </groups>
    <test started-at="2021-09-30T16:22:01 IST" name="Default test" finished-at="2021-09-30T16:22:47 IST" duration-ms="45812">
      <class name="Testing.MAven2.AssignLeaveModule1">
        <test-method is-config="true" signature="intialization()[pri:0, instance:Testing.MAven2.AssignLeaveModule1@7be58f16]" started-at="2021-09-30T16:22:01 IST" name="intialization" finished-at="2021-09-30T16:22:05 IST" duration-ms="3955" status="PASS">
          <reporter-output>
          </reporter-output>
        </test-method> <!-- intialization -->
        <test-method signature="TC002()[pri:0, instance:Testing.MAven2.AssignLeaveModule1@7be58f16]" started-at="2021-09-30T16:22:05 IST" name="TC002" finished-at="2021-09-30T16:22:47 IST" duration-ms="41784" status="PASS">
          <reporter-output>
          </reporter-output>
        </test-method> <!-- TC002 -->
      </class> <!-- Testing.MAven2.AssignLeaveModule1 -->
    </test> <!-- Default test -->
  </suite> <!-- Default suite -->
</testng-results>
